[22:27:19] 400 - 51.462s POST /simple/add-two-number
2022/11/15 22:30:34 Port tidak ditemukan
[23:37:22] 200 -      0s POST /simple/add-two-number
[23:40:04] 200 -      0s POST /simple/add-two-number
[23:40:36] 200 -      0s POST /simple/add-two-number
[23:42:59] 200 -      0s POST /simple/add-two-number
[23:43:12] 400 -      0s POST /simple/add-two-number
[23:45:16] 400 -      0s POST /simple/add-two-number
[22:15:27] 200 -      0s POST /simple/add-two-number
[22:15:30] 400 -  7.856s POST /simple/add-two-number
[22:15:44] 400 -      0s POST /simple/add-two-number
[22:16:23] 400 -      0s POST /simple/add-two-number
[22:16:25] 400 -      0s POST /simple/add-two-number
[22:19:14] 400 -      0s POST /simple/add-two-number
[22:22:50] 404 -      0s POST /to-do
[22:43:46] 500 -     1ms POST /to-do
[22:43:54] 500 -      0s POST /to-do
[22:43:57] 500 -      0s POST /to-do
[22:50:21] 500 -  5.188s POST /to-do
[22:54:58] 200 - 15.242s POST /to-do
[22:55:53] 200 - 11.561s POST /to-do
[22:55:58] 200 -    10ms POST /to-do
[23:16:42] 200 - 24.102s POST /to-do
[23:22:22] 400 -     1ms POST /to-do
[23:23:33] 200 -    10ms POST /to-do
[23:28:17] 400 -      0s POST /to-do
[23:28:24] 200 -     8ms POST /to-do
[00:00:09] 200 -     4ms POST /to-do
[00:01:25] 400 -     1ms POST /to-do
